This file contains any messages produced by compilers while
running configure, to aid debugging if configure makes a mistake.

It was created by garmintools configure 0.10, which was
generated by GNU Autoconf 2.61.  Invocation command line was

  $ ./configure 

## --------- ##
## Platform. ##
## --------- ##

hostname = tom-ubuntu
uname -m = x86_64
uname -r = 3.2.0-54-generic
uname -s = Linux
uname -v = #82-Ubuntu SMP Tue Sep 10 20:08:42 UTC 2013

/usr/bin/uname -p = unknown
/bin/uname -X     = unknown

/bin/arch              = unknown
/usr/bin/arch -k       = unknown
/usr/convex/getsysinfo = unknown
/usr/bin/hostinfo      = unknown
/bin/machine           = unknown
/usr/bin/oslevel       = unknown
/bin/universe          = unknown

PATH: /opt/ros/fuerte/bin
PATH: /usr/lib/lightdm/lightdm
PATH: /usr/local/sbin
PATH: /usr/local/bin
PATH: /usr/sbin
PATH: /usr/bin
PATH: /sbin
PATH: /bin
PATH: /usr/games


## ----------- ##
## Core tests. ##
## ----------- ##

configure:1991: checking for a BSD-compatible install
configure:2047: result: /usr/bin/install -c
configure:2058: checking whether build environment is sane
configure:2101: result: yes
configure:2129: checking for a thread-safe mkdir -p
configure:2168: result: /bin/mkdir -p
configure:2181: checking for gawk
configure:2211: result: no
configure:2181: checking for mawk
configure:2197: found /usr/bin/mawk
configure:2208: result: mawk
configure:2219: checking whether make sets $(MAKE)
configure:2240: result: yes
configure:2478: checking for gcc
configure:2494: found /usr/bin/gcc
configure:2505: result: gcc
configure:2743: checking for C compiler version
configure:2750: gcc --version >&5
gcc (Ubuntu/Linaro 4.6.3-1ubuntu5) 4.6.3
Copyright (C) 2011 Free Software Foundation, Inc.
This is free software; see the source for copying conditions.  There is NO
warranty; not even for MERCHANTABILITY or FITNESS FOR A PARTICULAR PURPOSE.

configure:2753: $? = 0
configure:2760: gcc -v >&5
Using built-in specs.
COLLECT_GCC=gcc
COLLECT_LTO_WRAPPER=/usr/lib/gcc/x86_64-linux-gnu/4.6/lto-wrapper
Target: x86_64-linux-gnu
Configured with: ../src/configure -v --with-pkgversion='Ubuntu/Linaro 4.6.3-1ubuntu5' --with-bugurl=file:///usr/share/doc/gcc-4.6/README.Bugs --enable-languages=c,c++,fortran,objc,obj-c++ --prefix=/usr --program-suffix=-4.6 --enable-shared --enable-linker-build-id --with-system-zlib --libexecdir=/usr/lib --without-included-gettext --enable-threads=posix --with-gxx-include-dir=/usr/include/c++/4.6 --libdir=/usr/lib --enable-nls --with-sysroot=/ --enable-clocale=gnu --enable-libstdcxx-debug --enable-libstdcxx-time=yes --enable-gnu-unique-object --enable-plugin --enable-objc-gc --disable-werror --with-arch-32=i686 --with-tune=generic --enable-checking=release --build=x86_64-linux-gnu --host=x86_64-linux-gnu --target=x86_64-linux-gnu
Thread model: posix
gcc version 4.6.3 (Ubuntu/Linaro 4.6.3-1ubuntu5) 
configure:2763: $? = 0
configure:2770: gcc -V >&5
gcc: error: unrecognized option '-V'
gcc: fatal error: no input files
compilation terminated.
configure:2773: $? = 4
configure:2796: checking for C compiler default output file name
configure:2823: gcc    conftest.c  >&5
configure:2826: $? = 0
configure:2864: result: a.out
configure:2881: checking whether the C compiler works
configure:2891: ./a.out
configure:2894: $? = 0
configure:2911: result: yes
configure:2918: checking whether we are cross compiling
configure:2920: result: no
configure:2923: checking for suffix of executables
configure:2930: gcc -o conftest    conftest.c  >&5
configure:2933: $? = 0
configure:2957: result: 
configure:2963: checking for suffix of object files
configure:2989: gcc -c   conftest.c >&5
configure:2992: $? = 0
configure:3015: result: o
configure:3019: checking whether we are using the GNU C compiler
configure:3048: gcc -c   conftest.c >&5
configure:3054: $? = 0
configure:3071: result: yes
configure:3076: checking whether gcc accepts -g
configure:3106: gcc -c -g  conftest.c >&5
configure:3112: $? = 0
configure:3211: result: yes
configure:3228: checking for gcc option to accept ISO C89
configure:3302: gcc  -c -g -O2  conftest.c >&5
configure:3308: $? = 0
configure:3331: result: none needed
configure:3360: checking for style of include used by make
configure:3388: result: GNU
configure:3413: checking dependency style of gcc
configure:3504: result: gcc3
configure:3532: checking for a BSD-compatible install
configure:3588: result: /usr/bin/install -c
configure:3677: checking build system type
configure:3695: result: x86_64-unknown-linux-gnu
configure:3717: checking host system type
configure:3732: result: x86_64-unknown-linux-gnu
configure:3754: checking for a sed that does not truncate output
configure:3810: result: /bin/sed
configure:3813: checking for grep that handles long lines and -e
configure:3887: result: /bin/grep
configure:3892: checking for egrep
configure:3970: result: /bin/grep -E
configure:3986: checking for ld used by gcc
configure:4053: result: /usr/bin/ld
configure:4062: checking if the linker (/usr/bin/ld) is GNU ld
configure:4077: result: yes
configure:4082: checking for /usr/bin/ld option to reload object files
configure:4089: result: -r
configure:4107: checking for BSD-compatible nm
configure:4156: result: /usr/bin/nm -B
configure:4160: checking whether ln -s works
configure:4164: result: yes
configure:4171: checking how to recognize dependent libraries
configure:4357: result: pass_all
configure:4446: gcc -c -g -O2  conftest.c >&5
configure:4449: $? = 0
configure:4602: checking how to run the C preprocessor
configure:4642: gcc -E  conftest.c
configure:4648: $? = 0
configure:4679: gcc -E  conftest.c
conftest.c:10:28: fatal error: ac_nonexistent.h: No such file or directory
compilation terminated.
configure:4685: $? = 1
configure: failed program was:
| /* confdefs.h.  */
| #define PACKAGE_NAME "garmintools"
| #define PACKAGE_TARNAME "garmintools"
| #define PACKAGE_VERSION "0.10"
| #define PACKAGE_STRING "garmintools 0.10"
| #define PACKAGE_BUGREPORT "dave@daveb.net"
| #define PACKAGE "garmintools"
| #define VERSION "0.10"
| /* end confdefs.h.  */
| #include <ac_nonexistent.h>
configure:4718: result: gcc -E
configure:4747: gcc -E  conftest.c
configure:4753: $? = 0
configure:4784: gcc -E  conftest.c
conftest.c:10:28: fatal error: ac_nonexistent.h: No such file or directory
compilation terminated.
configure:4790: $? = 1
configure: failed program was:
| /* confdefs.h.  */
| #define PACKAGE_NAME "garmintools"
| #define PACKAGE_TARNAME "garmintools"
| #define PACKAGE_VERSION "0.10"
| #define PACKAGE_STRING "garmintools 0.10"
| #define PACKAGE_BUGREPORT "dave@daveb.net"
| #define PACKAGE "garmintools"
| #define VERSION "0.10"
| /* end confdefs.h.  */
| #include <ac_nonexistent.h>
configure:4828: checking for ANSI C header files
configure:4858: gcc -c -g -O2  conftest.c >&5
configure:4864: $? = 0
configure:4963: gcc -o conftest -g -O2   conftest.c  >&5
configure:4966: $? = 0
configure:4972: ./conftest
configure:4975: $? = 0
configure:4992: result: yes
configure:5016: checking for sys/types.h
configure:5037: gcc -c -g -O2  conftest.c >&5
configure:5043: $? = 0
configure:5059: result: yes
configure:5016: checking for sys/stat.h
configure:5037: gcc -c -g -O2  conftest.c >&5
configure:5043: $? = 0
configure:5059: result: yes
configure:5016: checking for stdlib.h
configure:5037: gcc -c -g -O2  conftest.c >&5
configure:5043: $? = 0
configure:5059: result: yes
configure:5016: checking for string.h
configure:5037: gcc -c -g -O2  conftest.c >&5
configure:5043: $? = 0
configure:5059: result: yes
configure:5016: checking for memory.h
configure:5037: gcc -c -g -O2  conftest.c >&5
configure:5043: $? = 0
configure:5059: result: yes
configure:5016: checking for strings.h
configure:5037: gcc -c -g -O2  conftest.c >&5
configure:5043: $? = 0
configure:5059: result: yes
configure:5016: checking for inttypes.h
configure:5037: gcc -c -g -O2  conftest.c >&5
configure:5043: $? = 0
configure:5059: result: yes
configure:5016: checking for stdint.h
configure:5037: gcc -c -g -O2  conftest.c >&5
configure:5043: $? = 0
configure:5059: result: yes
configure:5016: checking for unistd.h
configure:5037: gcc -c -g -O2  conftest.c >&5
configure:5043: $? = 0
configure:5059: result: yes
configure:5086: checking dlfcn.h usability
configure:5103: gcc -c -g -O2  conftest.c >&5
configure:5109: $? = 0
configure:5123: result: yes
configure:5127: checking dlfcn.h presence
configure:5142: gcc -E  conftest.c
configure:5148: $? = 0
configure:5162: result: yes
configure:5195: checking for dlfcn.h
configure:5203: result: yes
configure:5274: checking for g++
configure:5290: found /usr/bin/g++
configure:5301: result: g++
configure:5332: checking for C++ compiler version
configure:5339: g++ --version >&5
g++ (Ubuntu/Linaro 4.6.3-1ubuntu5) 4.6.3
Copyright (C) 2011 Free Software Foundation, Inc.
This is free software; see the source for copying conditions.  There is NO
warranty; not even for MERCHANTABILITY or FITNESS FOR A PARTICULAR PURPOSE.

configure:5342: $? = 0
configure:5349: g++ -v >&5
Using built-in specs.
COLLECT_GCC=g++
COLLECT_LTO_WRAPPER=/usr/lib/gcc/x86_64-linux-gnu/4.6/lto-wrapper
Target: x86_64-linux-gnu
Configured with: ../src/configure -v --with-pkgversion='Ubuntu/Linaro 4.6.3-1ubuntu5' --with-bugurl=file:///usr/share/doc/gcc-4.6/README.Bugs --enable-languages=c,c++,fortran,objc,obj-c++ --prefix=/usr --program-suffix=-4.6 --enable-shared --enable-linker-build-id --with-system-zlib --libexecdir=/usr/lib --without-included-gettext --enable-threads=posix --with-gxx-include-dir=/usr/include/c++/4.6 --libdir=/usr/lib --enable-nls --with-sysroot=/ --enable-clocale=gnu --enable-libstdcxx-debug --enable-libstdcxx-time=yes --enable-gnu-unique-object --enable-plugin --enable-objc-gc --disable-werror --with-arch-32=i686 --with-tune=generic --enable-checking=release --build=x86_64-linux-gnu --host=x86_64-linux-gnu --target=x86_64-linux-gnu
Thread model: posix
gcc version 4.6.3 (Ubuntu/Linaro 4.6.3-1ubuntu5) 
configure:5352: $? = 0
configure:5359: g++ -V >&5
g++: error: unrecognized option '-V'
g++: fatal error: no input files
compilation terminated.
configure:5362: $? = 4
configure:5365: checking whether we are using the GNU C++ compiler
configure:5394: g++ -c   conftest.cpp >&5
configure:5400: $? = 0
configure:5417: result: yes
configure:5422: checking whether g++ accepts -g
configure:5452: g++ -c -g  conftest.cpp >&5
configure:5458: $? = 0
configure:5557: result: yes
configure:5582: checking dependency style of g++
configure:5673: result: gcc3
configure:5698: checking how to run the C++ preprocessor
configure:5734: g++ -E  conftest.cpp
configure:5740: $? = 0
configure:5771: g++ -E  conftest.cpp
conftest.cpp:21:28: fatal error: ac_nonexistent.h: No such file or directory
compilation terminated.
configure:5777: $? = 1
configure: failed program was:
| /* confdefs.h.  */
| #define PACKAGE_NAME "garmintools"
| #define PACKAGE_TARNAME "garmintools"
| #define PACKAGE_VERSION "0.10"
| #define PACKAGE_STRING "garmintools 0.10"
| #define PACKAGE_BUGREPORT "dave@daveb.net"
| #define PACKAGE "garmintools"
| #define VERSION "0.10"
| #define STDC_HEADERS 1
| #define HAVE_SYS_TYPES_H 1
| #define HAVE_SYS_STAT_H 1
| #define HAVE_STDLIB_H 1
| #define HAVE_STRING_H 1
| #define HAVE_MEMORY_H 1
| #define HAVE_STRINGS_H 1
| #define HAVE_INTTYPES_H 1
| #define HAVE_STDINT_H 1
| #define HAVE_UNISTD_H 1
| #define HAVE_DLFCN_H 1
| /* end confdefs.h.  */
| #include <ac_nonexistent.h>
configure:5810: result: g++ -E
configure:5839: g++ -E  conftest.cpp
configure:5845: $? = 0
configure:5876: g++ -E  conftest.cpp
conftest.cpp:21:28: fatal error: ac_nonexistent.h: No such file or directory
compilation terminated.
configure:5882: $? = 1
configure: failed program was:
| /* confdefs.h.  */
| #define PACKAGE_NAME "garmintools"
| #define PACKAGE_TARNAME "garmintools"
| #define PACKAGE_VERSION "0.10"
| #define PACKAGE_STRING "garmintools 0.10"
| #define PACKAGE_BUGREPORT "dave@daveb.net"
| #define PACKAGE "garmintools"
| #define VERSION "0.10"
| #define STDC_HEADERS 1
| #define HAVE_SYS_TYPES_H 1
| #define HAVE_SYS_STAT_H 1
| #define HAVE_STDLIB_H 1
| #define HAVE_STRING_H 1
| #define HAVE_MEMORY_H 1
| #define HAVE_STRINGS_H 1
| #define HAVE_INTTYPES_H 1
| #define HAVE_STDINT_H 1
| #define HAVE_UNISTD_H 1
| #define HAVE_DLFCN_H 1
| /* end confdefs.h.  */
| #include <ac_nonexistent.h>
configure:5975: checking for g77
configure:6005: result: no
configure:5975: checking for xlf
configure:6005: result: no
configure:5975: checking for f77
configure:6005: result: no
configure:5975: checking for frt
configure:6005: result: no
configure:5975: checking for pgf77
configure:6005: result: no
configure:5975: checking for cf77
configure:6005: result: no
configure:5975: checking for fort77
configure:6005: result: no
configure:5975: checking for fl32
configure:6005: result: no
configure:5975: checking for af77
configure:6005: result: no
configure:5975: checking for xlf90
configure:6005: result: no
configure:5975: checking for f90
configure:6005: result: no
configure:5975: checking for pgf90
configure:6005: result: no
configure:5975: checking for pghpf
configure:6005: result: no
configure:5975: checking for epcf90
configure:6005: result: no
configure:5975: checking for gfortran
configure:6005: result: no
configure:5975: checking for g95
configure:6005: result: no
configure:5975: checking for xlf95
configure:6005: result: no
configure:5975: checking for f95
configure:6005: result: no
configure:5975: checking for fort
configure:6005: result: no
configure:5975: checking for ifort
configure:6005: result: no
configure:5975: checking for ifc
configure:6005: result: no
configure:5975: checking for efc
configure:6005: result: no
configure:5975: checking for pgf95
configure:6005: result: no
configure:5975: checking for lf95
configure:6005: result: no
configure:5975: checking for ftn
configure:6005: result: no
configure:6032: checking for Fortran 77 compiler version
configure:6039:  --version >&5
./configure: line 6040: --version: command not found
configure:6042: $? = 127
configure:6049:  -v >&5
./configure: line 6050: -v: command not found
configure:6052: $? = 127
configure:6059:  -V >&5
./configure: line 6060: -V: command not found
configure:6062: $? = 127
configure:6070: checking whether we are using the GNU Fortran 77 compiler
configure:6089:  -c  conftest.F >&5
./configure: line 6090: -c: command not found
configure:6095: $? = 127
configure: failed program was:
|       program main
| #ifndef __GNUC__
|        choke me
| #endif
| 
|       end
configure:6112: result: no
configure:6118: checking whether  accepts -g
configure:6135:  -c -g conftest.f >&5
./configure: line 6136: -c: command not found
configure:6141: $? = 127
configure: failed program was:
|       program main
| 
|       end
configure:6157: result: no
configure:6186: checking the maximum length of command line arguments
configure:6298: result: 1572864
configure:6310: checking command to parse /usr/bin/nm -B output from gcc object
configure:6415: gcc -c -g -O2  conftest.c >&5
configure:6418: $? = 0
configure:6422: /usr/bin/nm -B conftest.o \| sed -n -e 's/^.*[ 	]\([ABCDGIRSTW][ABCDGIRSTW]*\)[ 	][ 	]*\([_A-Za-z][_A-Za-z0-9]*\)$/\1 \2 \2/p' \> conftest.nm
configure:6425: $? = 0
configure:6477: gcc -o conftest -g -O2   conftest.c conftstm.o >&5
configure:6480: $? = 0
configure:6518: result: ok
configure:6522: checking for objdir
configure:6537: result: .libs
configure:6629: checking for ar
configure:6645: found /usr/bin/ar
configure:6656: result: ar
configure:6725: checking for ranlib
configure:6741: found /usr/bin/ranlib
configure:6752: result: ranlib
configure:6821: checking for strip
configure:6837: found /usr/bin/strip
configure:6848: result: strip
configure:7397: checking for correct ltmain.sh version
configure:7447: result: yes
configure:7507: checking if gcc supports -fno-rtti -fno-exceptions
configure:7525: gcc -c -g -O2  -fno-rtti -fno-exceptions conftest.c >&5
cc1: warning: command line option '-fno-rtti' is valid for C++/ObjC++ but not for C [enabled by default]
configure:7529: $? = 0
configure:7542: result: no
configure:7557: checking for gcc option to produce PIC
configure:7789: result: -fPIC
configure:7797: checking if gcc PIC flag -fPIC works
configure:7815: gcc -c -g -O2  -fPIC -DPIC conftest.c >&5
configure:7819: $? = 0
configure:7832: result: yes
configure:7860: checking if gcc static flag -static works
configure:7888: result: yes
configure:7898: checking if gcc supports -c -o file.o
configure:7919: gcc -c -g -O2  -o out/conftest2.o conftest.c >&5
configure:7923: $? = 0
configure:7945: result: yes
configure:7971: checking whether the gcc linker (/usr/bin/ld -m elf_x86_64) supports shared libraries
configure:8951: result: yes
configure:8972: checking whether -lc should be explicitly linked in
configure:8977: gcc -c -g -O2  conftest.c >&5
configure:8980: $? = 0
configure:8995: gcc -shared conftest.o  -v -Wl,-soname -Wl,conftest -o conftest 2\>\&1 \| grep  -lc  \>/dev/null 2\>\&1
configure:8998: $? = 0
configure:9010: result: no
configure:9018: checking dynamic linker characteristics
configure:9633: result: GNU/Linux ld.so
configure:9657: checking how to hardcode library paths into programs
configure:9682: result: immediate
configure:9696: checking whether stripping libraries is possible
configure:9701: result: yes
configure:10503: checking if libtool supports shared libraries
configure:10505: result: yes
configure:10508: checking whether to build shared libraries
configure:10529: result: yes
configure:10532: checking whether to build static libraries
configure:10536: result: yes
configure:10630: creating libtool
configure:11223: checking for ld used by g++
configure:11290: result: /usr/bin/ld -m elf_x86_64
configure:11299: checking if the linker (/usr/bin/ld -m elf_x86_64) is GNU ld
configure:11314: result: yes
configure:11365: checking whether the g++ linker (/usr/bin/ld -m elf_x86_64) supports shared libraries
configure:12311: result: yes
configure:12328: g++ -c -g -O2  conftest.cpp >&5
configure:12331: $? = 0
configure:12487: checking for g++ option to produce PIC
configure:12771: result: -fPIC
configure:12779: checking if g++ PIC flag -fPIC works
configure:12797: g++ -c -g -O2  -fPIC -DPIC conftest.cpp >&5
configure:12801: $? = 0
configure:12814: result: yes
configure:12842: checking if g++ static flag -static works
configure:12870: result: yes
configure:12880: checking if g++ supports -c -o file.o
configure:12901: g++ -c -g -O2  -o out/conftest2.o conftest.cpp >&5
configure:12905: $? = 0
configure:12927: result: yes
configure:12953: checking whether the g++ linker (/usr/bin/ld -m elf_x86_64) supports shared libraries
configure:12979: result: yes
configure:13046: checking dynamic linker characteristics
configure:13609: result: GNU/Linux ld.so
configure:13633: checking how to hardcode library paths into programs
configure:13658: result: immediate
configure:19907: checking for ANSI C header files
configure:20071: result: yes
configure:20101: checking fcntl.h usability
configure:20118: gcc -c -g -O2  conftest.c >&5
configure:20124: $? = 0
configure:20138: result: yes
configure:20142: checking fcntl.h presence
configure:20157: gcc -E  conftest.c
configure:20163: $? = 0
configure:20177: result: yes
configure:20210: checking for fcntl.h
configure:20218: result: yes
configure:20091: checking for stdlib.h
configure:20097: result: yes
configure:20091: checking for string.h
configure:20097: result: yes
configure:20101: checking sys/time.h usability
configure:20118: gcc -c -g -O2  conftest.c >&5
configure:20124: $? = 0
configure:20138: result: yes
configure:20142: checking sys/time.h presence
configure:20157: gcc -E  conftest.c
configure:20163: $? = 0
configure:20177: result: yes
configure:20210: checking for sys/time.h
configure:20218: result: yes
configure:20101: checking termios.h usability
configure:20118: gcc -c -g -O2  conftest.c >&5
configure:20124: $? = 0
configure:20138: result: yes
configure:20142: checking termios.h presence
configure:20157: gcc -E  conftest.c
configure:20163: $? = 0
configure:20177: result: yes
configure:20210: checking for termios.h
configure:20218: result: yes
configure:20091: checking for unistd.h
configure:20097: result: yes
configure:20233: checking for size_t
configure:20263: gcc -c -g -O2  conftest.c >&5
configure:20269: $? = 0
configure:20284: result: yes
configure:20296: checking whether struct tm is in sys/time.h or time.h
configure:20326: gcc -c -g -O2  conftest.c >&5
configure:20332: $? = 0
configure:20347: result: time.h
configure:20359: checking for function prototypes
configure:20362: result: yes
configure:20379: checking whether setvbuf arguments are reversed
configure:20409: gcc -o conftest -g -O2   conftest.c  >&5
conftest.c:32:10: error: conflicting types for 'setvbuf'
/usr/include/stdio.h:337:12: note: previous declaration of 'setvbuf' was here
configure:20415: $? = 1
configure: failed program was:
| /* confdefs.h.  */
| #define PACKAGE_NAME "garmintools"
| #define PACKAGE_TARNAME "garmintools"
| #define PACKAGE_VERSION "0.10"
| #define PACKAGE_STRING "garmintools 0.10"
| #define PACKAGE_BUGREPORT "dave@daveb.net"
| #define PACKAGE "garmintools"
| #define VERSION "0.10"
| #define STDC_HEADERS 1
| #define HAVE_SYS_TYPES_H 1
| #define HAVE_SYS_STAT_H 1
| #define HAVE_STDLIB_H 1
| #define HAVE_STRING_H 1
| #define HAVE_MEMORY_H 1
| #define HAVE_STRINGS_H 1
| #define HAVE_INTTYPES_H 1
| #define HAVE_STDINT_H 1
| #define HAVE_UNISTD_H 1
| #define HAVE_DLFCN_H 1
| #define STDC_HEADERS 1
| #define HAVE_FCNTL_H 1
| #define HAVE_STDLIB_H 1
| #define HAVE_STRING_H 1
| #define HAVE_SYS_TIME_H 1
| #define HAVE_TERMIOS_H 1
| #define HAVE_UNISTD_H 1
| #define PROTOTYPES 1
| #define __PROTOTYPES 1
| /* end confdefs.h.  */
| #include <stdio.h>
| #	  ifdef PROTOTYPES
| 	   int (setvbuf) (FILE *, int, char *, size_t);
| #	  endif
| int
| main ()
| {
| char buf; return setvbuf (stdout, _IOLBF, &buf, 1);
|   ;
|   return 0;
| }
configure:20536: result: no
configure:20550: checking for strftime
configure:20606: gcc -o conftest -g -O2   conftest.c  >&5
conftest.c:53:6: warning: conflicting types for built-in function 'strftime' [enabled by default]
configure:20612: $? = 0
configure:20630: result: yes
configure:20716: checking for memset
configure:20772: gcc -o conftest -g -O2   conftest.c  >&5
conftest.c:54:6: warning: conflicting types for built-in function 'memset' [enabled by default]
configure:20778: $? = 0
configure:20796: result: yes
configure:20716: checking for strerror
configure:20772: gcc -o conftest -g -O2   conftest.c  >&5
configure:20778: $? = 0
configure:20796: result: yes
configure:20808: checking whether byte ordering is bigendian
configure:20841: gcc -c -g -O2  conftest.c >&5
configure:20847: $? = 0
configure:20879: gcc -c -g -O2  conftest.c >&5
conftest.c: In function 'main':
conftest.c:40:2: error: unknown type name 'not'
conftest.c:40:10: error: expected '=', ',', ';', 'asm' or '__attribute__' before 'endian'
configure:20885: $? = 1
configure: failed program was:
| /* confdefs.h.  */
| #define PACKAGE_NAME "garmintools"
| #define PACKAGE_TARNAME "garmintools"
| #define PACKAGE_VERSION "0.10"
| #define PACKAGE_STRING "garmintools 0.10"
| #define PACKAGE_BUGREPORT "dave@daveb.net"
| #define PACKAGE "garmintools"
| #define VERSION "0.10"
| #define STDC_HEADERS 1
| #define HAVE_SYS_TYPES_H 1
| #define HAVE_SYS_STAT_H 1
| #define HAVE_STDLIB_H 1
| #define HAVE_STRING_H 1
| #define HAVE_MEMORY_H 1
| #define HAVE_STRINGS_H 1
| #define HAVE_INTTYPES_H 1
| #define HAVE_STDINT_H 1
| #define HAVE_UNISTD_H 1
| #define HAVE_DLFCN_H 1
| #define STDC_HEADERS 1
| #define HAVE_FCNTL_H 1
| #define HAVE_STDLIB_H 1
| #define HAVE_STRING_H 1
| #define HAVE_SYS_TIME_H 1
| #define HAVE_TERMIOS_H 1
| #define HAVE_UNISTD_H 1
| #define PROTOTYPES 1
| #define __PROTOTYPES 1
| #define HAVE_STRFTIME 1
| #define HAVE_MEMSET 1
| #define HAVE_STRERROR 1
| /* end confdefs.h.  */
| #include <sys/types.h>
| #include <sys/param.h>
| 
| int
| main ()
| {
| #if BYTE_ORDER != BIG_ENDIAN
|  not big endian
| #endif
| 
|   ;
|   return 0;
| }
configure:21025: result: no
configure:21048: checking for libusb-config
configure:21066: found /usr/bin/libusb-config
configure:21078: result: /usr/bin/libusb-config
configure:21285: creating ./config.status

## ---------------------- ##
## Running config.status. ##
## ---------------------- ##

This file was extended by garmintools config.status 0.10, which was
generated by GNU Autoconf 2.61.  Invocation command line was

  CONFIG_FILES    = 
  CONFIG_HEADERS  = 
  CONFIG_LINKS    = 
  CONFIG_COMMANDS = 
  $ ./config.status 

on tom-ubuntu

config.status:675: creating Makefile
config.status:675: creating src/Makefile
config.status:675: creating doc/Makefile
config.status:675: creating doc/man/Makefile
config.status:675: creating extras/Makefile
config.status:675: creating src/config.h
config.status:961: executing depfiles commands

## ---------------- ##
## Cache variables. ##
## ---------------- ##

ac_cv_build=x86_64-unknown-linux-gnu
ac_cv_c_bigendian=no
ac_cv_c_compiler_gnu=yes
ac_cv_cxx_compiler_gnu=yes
ac_cv_env_CCC_set=
ac_cv_env_CCC_value=
ac_cv_env_CC_set=
ac_cv_env_CC_value=
ac_cv_env_CFLAGS_set=
ac_cv_env_CFLAGS_value=
ac_cv_env_CPPFLAGS_set=
ac_cv_env_CPPFLAGS_value=
ac_cv_env_CPP_set=
ac_cv_env_CPP_value=
ac_cv_env_CXXCPP_set=
ac_cv_env_CXXCPP_value=
ac_cv_env_CXXFLAGS_set=
ac_cv_env_CXXFLAGS_value=
ac_cv_env_CXX_set=
ac_cv_env_CXX_value=
ac_cv_env_F77_set=
ac_cv_env_F77_value=
ac_cv_env_FFLAGS_set=
ac_cv_env_FFLAGS_value=
ac_cv_env_LDFLAGS_set=
ac_cv_env_LDFLAGS_value=
ac_cv_env_LIBS_set=
ac_cv_env_LIBS_value=
ac_cv_env_build_alias_set=
ac_cv_env_build_alias_value=
ac_cv_env_host_alias_set=
ac_cv_env_host_alias_value=
ac_cv_env_target_alias_set=
ac_cv_env_target_alias_value=
ac_cv_f77_compiler_gnu=no
ac_cv_func_memset=yes
ac_cv_func_setvbuf_reversed=no
ac_cv_func_strerror=yes
ac_cv_func_strftime=yes
ac_cv_header_dlfcn_h=yes
ac_cv_header_fcntl_h=yes
ac_cv_header_inttypes_h=yes
ac_cv_header_memory_h=yes
ac_cv_header_stdc=yes
ac_cv_header_stdint_h=yes
ac_cv_header_stdlib_h=yes
ac_cv_header_string_h=yes
ac_cv_header_strings_h=yes
ac_cv_header_sys_stat_h=yes
ac_cv_header_sys_time_h=yes
ac_cv_header_sys_types_h=yes
ac_cv_header_termios_h=yes
ac_cv_header_unistd_h=yes
ac_cv_host=x86_64-unknown-linux-gnu
ac_cv_objext=o
ac_cv_path_EGREP='/bin/grep -E'
ac_cv_path_GREP=/bin/grep
ac_cv_path_LIBUSB_CONFIG=/usr/bin/libusb-config
ac_cv_path_install='/usr/bin/install -c'
ac_cv_path_mkdir=/bin/mkdir
ac_cv_prog_AWK=mawk
ac_cv_prog_CPP='gcc -E'
ac_cv_prog_CXXCPP='g++ -E'
ac_cv_prog_ac_ct_AR=ar
ac_cv_prog_ac_ct_CC=gcc
ac_cv_prog_ac_ct_CXX=g++
ac_cv_prog_ac_ct_RANLIB=ranlib
ac_cv_prog_ac_ct_STRIP=strip
ac_cv_prog_cc_c89=
ac_cv_prog_cc_g=yes
ac_cv_prog_cxx_g=yes
ac_cv_prog_f77_g=no
ac_cv_prog_make_make_set=yes
ac_cv_struct_tm=time.h
ac_cv_type_size_t=yes
am_cv_CC_dependencies_compiler_type=gcc3
am_cv_CXX_dependencies_compiler_type=gcc3
lt_cv_deplibs_check_method=pass_all
lt_cv_file_magic_cmd='$MAGIC_CMD'
lt_cv_file_magic_test_file=
lt_cv_ld_reload_flag=-r
lt_cv_objdir=.libs
lt_cv_path_LD=/usr/bin/ld
lt_cv_path_LDCXX='/usr/bin/ld -m elf_x86_64'
lt_cv_path_NM='/usr/bin/nm -B'
lt_cv_path_SED=/bin/sed
lt_cv_prog_compiler_c_o=yes
lt_cv_prog_compiler_c_o_CXX=yes
lt_cv_prog_compiler_pic_works=yes
lt_cv_prog_compiler_pic_works_CXX=yes
lt_cv_prog_compiler_rtti_exceptions=no
lt_cv_prog_compiler_static_works=yes
lt_cv_prog_compiler_static_works_CXX=yes
lt_cv_prog_gnu_ld=yes
lt_cv_prog_gnu_ldcxx=yes
lt_cv_sys_global_symbol_pipe='sed -n -e '\''s/^.*[ 	]\([ABCDGIRSTW][ABCDGIRSTW]*\)[ 	][ 	]*\([_A-Za-z][_A-Za-z0-9]*\)$/\1 \2 \2/p'\'''
lt_cv_sys_global_symbol_to_c_name_address='sed -n -e '\''s/^: \([^ ]*\) $/  {\"\1\", (lt_ptr) 0},/p'\'' -e '\''s/^[BCDEGRST] \([^ ]*\) \([^ ]*\)$/  {"\2", (lt_ptr) \&\2},/p'\'''
lt_cv_sys_global_symbol_to_cdecl='sed -n -e '\''s/^. .* \(.*\)$/extern int \1;/p'\'''
lt_cv_sys_lib_dlsearch_path_spec='/lib /usr/lib /usr/lib/i386-linux-gnu/mesa /lib/i386-linux-gnu /usr/lib/i386-linux-gnu /lib/i686-linux-gnu /usr/lib/i686-linux-gnu /usr/local/lib /lib/x86_64-linux-gnu /usr/lib/x86_64-linux-gnu /usr/lib/x86_64-linux-gnu/mesa /lib32 /usr/lib32 '
lt_cv_sys_lib_search_path_spec='/usr/lib/gcc/x86_64-linux-gnu/4.6 /usr/lib/x86_64-linux-gnu /usr/lib /lib/x86_64-linux-gnu /lib'
lt_cv_sys_max_cmd_len=1572864
lt_lt_cv_prog_compiler_c_o='"yes"'
lt_lt_cv_prog_compiler_c_o_CXX='"yes"'
lt_lt_cv_sys_global_symbol_pipe='"sed -n -e '\''s/^.*[ 	]\\([ABCDGIRSTW][ABCDGIRSTW]*\\)[ 	][ 	]*\\([_A-Za-z][_A-Za-z0-9]*\\)\$/\\1 \\2 \\2/p'\''"'
lt_lt_cv_sys_global_symbol_to_c_name_address='"sed -n -e '\''s/^: \\([^ ]*\\) \$/  {\\\"\\1\\\", (lt_ptr) 0},/p'\'' -e '\''s/^[BCDEGRST] \\([^ ]*\\) \\([^ ]*\\)\$/  {\"\\2\", (lt_ptr) \\&\\2},/p'\''"'
lt_lt_cv_sys_global_symbol_to_cdecl='"sed -n -e '\''s/^. .* \\(.*\\)\$/extern int \\1;/p'\''"'

## ----------------- ##
## Output variables. ##
## ----------------- ##

ACLOCAL='${SHELL} /home/tom/workspace_cpp/garmintools-0.10/missing --run aclocal-1.10'
AMDEPBACKSLASH='\'
AMDEP_FALSE='#'
AMDEP_TRUE=''
AMTAR='${SHELL} /home/tom/workspace_cpp/garmintools-0.10/missing --run tar'
AR='ar'
AUTOCONF='${SHELL} /home/tom/workspace_cpp/garmintools-0.10/missing --run autoconf'
AUTOHEADER='${SHELL} /home/tom/workspace_cpp/garmintools-0.10/missing --run autoheader'
AUTOMAKE='${SHELL} /home/tom/workspace_cpp/garmintools-0.10/missing --run automake-1.10'
AWK='mawk'
CC='gcc'
CCDEPMODE='depmode=gcc3'
CFLAGS='-g -O2'
CPP='gcc -E'
CPPFLAGS=''
CXX='g++'
CXXCPP='g++ -E'
CXXDEPMODE='depmode=gcc3'
CXXFLAGS='-g -O2'
CYGPATH_W='echo'
DEFS='-DHAVE_CONFIG_H'
DEPDIR='.deps'
DSYMUTIL=''
ECHO='echo'
ECHO_C=''
ECHO_N='-n'
ECHO_T=''
EGREP='/bin/grep -E'
EXEEXT=''
F77=''
FFLAGS=''
GREP='/bin/grep'
HAVE_PYTHON=''
INSTALL_DATA='${INSTALL} -m 644'
INSTALL_PROGRAM='${INSTALL}'
INSTALL_SCRIPT='${INSTALL}'
INSTALL_STRIP_PROGRAM='$(install_sh) -c -s'
LDFLAGS=''
LIBOBJS=''
LIBS=''
LIBTOOL='$(SHELL) $(top_builddir)/libtool'
LIBUSB_CONFIG='/usr/bin/libusb-config'
LN_S='ln -s'
LTLIBOBJS=''
MAKEINFO='${SHELL} /home/tom/workspace_cpp/garmintools-0.10/missing --run makeinfo'
NMEDIT=''
OBJEXT='o'
PACKAGE='garmintools'
PACKAGE_BUGREPORT='dave@daveb.net'
PACKAGE_NAME='garmintools'
PACKAGE_STRING='garmintools 0.10'
PACKAGE_TARNAME='garmintools'
PACKAGE_VERSION='0.10'
PATH_SEPARATOR=':'
PROG_LIBS='-L/usr/lib/x86_64-linux-gnu -lusb'
PYTHON_SUBDIRS=''
RANLIB='ranlib'
SED='/bin/sed'
SET_MAKE=''
SHELL='/bin/bash'
STRIP='strip'
USB_CFLAGS=''
USB_LIBS='-L/usr/lib/x86_64-linux-gnu -lusb'
VERSION='0.10'
ac_ct_CC='gcc'
ac_ct_CXX='g++'
ac_ct_F77=''
am__fastdepCC_FALSE='#'
am__fastdepCC_TRUE=''
am__fastdepCXX_FALSE='#'
am__fastdepCXX_TRUE=''
am__include='include'
am__isrc=''
am__leading_dot='.'
am__quote=''
am__tar='${AMTAR} chof - "$$tardir"'
am__untar='${AMTAR} xf -'
bindir='${exec_prefix}/bin'
build='x86_64-unknown-linux-gnu'
build_alias=''
build_cpu='x86_64'
build_os='linux-gnu'
build_vendor='unknown'
datadir='${datarootdir}'
datarootdir='${prefix}/share'
docdir='${datarootdir}/doc/${PACKAGE_TARNAME}'
dvidir='${docdir}'
exec_prefix='${prefix}'
host='x86_64-unknown-linux-gnu'
host_alias=''
host_cpu='x86_64'
host_os='linux-gnu'
host_vendor='unknown'
htmldir='${docdir}'
includedir='${prefix}/include'
infodir='${datarootdir}/info'
install_sh='$(SHELL) /home/tom/workspace_cpp/garmintools-0.10/install-sh'
libdir='${exec_prefix}/lib'
libexecdir='${exec_prefix}/libexec'
localedir='${datarootdir}/locale'
localstatedir='${prefix}/var'
mandir='${datarootdir}/man'
mkdir_p='/bin/mkdir -p'
oldincludedir='/usr/include'
pdfdir='${docdir}'
prefix='/usr/local'
program_transform_name='s,x,x,'
psdir='${docdir}'
sbindir='${exec_prefix}/sbin'
sharedstatedir='${prefix}/com'
sysconfdir='${prefix}/etc'
target_alias=''

## ----------- ##
## confdefs.h. ##
## ----------- ##

#define PACKAGE_NAME "garmintools"
#define PACKAGE_TARNAME "garmintools"
#define PACKAGE_VERSION "0.10"
#define PACKAGE_STRING "garmintools 0.10"
#define PACKAGE_BUGREPORT "dave@daveb.net"
#define PACKAGE "garmintools"
#define VERSION "0.10"
#define STDC_HEADERS 1
#define HAVE_SYS_TYPES_H 1
#define HAVE_SYS_STAT_H 1
#define HAVE_STDLIB_H 1
#define HAVE_STRING_H 1
#define HAVE_MEMORY_H 1
#define HAVE_STRINGS_H 1
#define HAVE_INTTYPES_H 1
#define HAVE_STDINT_H 1
#define HAVE_UNISTD_H 1
#define HAVE_DLFCN_H 1
#define STDC_HEADERS 1
#define HAVE_FCNTL_H 1
#define HAVE_STDLIB_H 1
#define HAVE_STRING_H 1
#define HAVE_SYS_TIME_H 1
#define HAVE_TERMIOS_H 1
#define HAVE_UNISTD_H 1
#define PROTOTYPES 1
#define __PROTOTYPES 1
#define HAVE_STRFTIME 1
#define HAVE_MEMSET 1
#define HAVE_STRERROR 1

configure: exit 0
